<?xml version="1.0" encoding="UTF-8"?>
<testsuite xmlns:xsi="http://www.w3.org/2001/XMLSchema-instance" xsi:noNamespaceSchemaLocation="https://maven.apache.org/surefire/maven-surefire-plugin/xsd/surefire-test-report-3.0.xsd" version="3.0" name="org.employeemanagement.unitTest.JobOfferTest" time="0.047" tests="5" errors="0" skipped="0" failures="0">
  <properties>
[...]
</properties>
  <testcase name="testGetJobOfferById" classname="org.employeemanagement.unitTest.JobOfferTest" time="0.025"/>
  <testcase name="testUpdateJobOffer" classname="org.employeemanagement.unitTest.JobOfferTest" time="0.003"/>
  <testcase name="testGetAllJobOffers" classname="org.employeemanagement.unitTest.JobOfferTest" time="0.002"/>
  <testcase name="testDeleteJobOffer" classname="org.employeemanagement.unitTest.JobOfferTest" time="0.006"/>
  <testcase name="testAddJobOffer" classname="org.employeemanagement.unitTest.JobOfferTest" time="0.003"/>
</testsuite>